Build started 10/23/2014 6:23:38 PM.
     1>Project "C:\Users\Evonee\Documents\CSE 167\Project_1\CSE167\Proj2\Lab1\Cube.vcxproj" on node 2 (Build target(s)).
     1>ClCompile:
         C:\Program Files (x86)\Microsoft Visual Studio 12.0\VC\bin\CL.exe /c /I"C:\glut\glut-3.7.6-bin" /ZI /nologo /W3 /WX- /Od /Oy- /D WIN32 /D _DEBUG /D _CONSOLE /Gm /EHsc /RTC1 /MDd /GS /fp:precise /Zc:wchar_t /Zc:forScope /Fo"Debug\\" /Fd"Debug\vc120.pdb" /Gd /TP /analyze- /errorReport:prompt window.cpp
         window.cpp
       Link:
         C:\Program Files (x86)\Microsoft Visual Studio 12.0\VC\bin\link.exe /ERRORREPORT:PROMPT /OUT:"Debug\Cube.exe" /INCREMENTAL /NOLOGO /LIBPATH:"C:\glut\glut-3.7.6-bin" kernel32.lib user32.lib gdi32.lib winspool.lib comdlg32.lib advapi32.lib shell32.lib ole32.lib oleaut32.lib uuid.lib odbc32.lib glut32.lib odbccp32.lib kernel32.lib user32.lib gdi32.lib winspool.lib comdlg32.lib advapi32.lib shell32.lib ole32.lib oleaut32.lib uuid.lib odbc32.lib odbccp32.lib /MANIFEST /MANIFESTUAC:"level='asInvoker' uiAccess='false'" /manifest:embed /DEBUG /PDB:"Debug\Cube.pdb" /SUBSYSTEM:CONSOLE /TLBID:1 /DYNAMICBASE /NXCOMPAT /IMPLIB:"Debug\Cube.lib" /MACHINE:X86 /SAFESEH Debug\Bunny.obj
         Debug\Camera.obj
         Debug\cube.obj
         Debug\Dragon.obj
         Debug\House.obj
         Debug\main.obj
         Debug\Matrix4.obj
         Debug\Model.obj
         Debug\vector3.obj
         Debug\Vector4.obj
         Debug\window.obj
         Cube.vcxproj -> C:\Users\Evonee\Documents\CSE 167\Project_1\CSE167\Proj2\Lab1\Debug\Cube.exe
     1>Done Building Project "C:\Users\Evonee\Documents\CSE 167\Project_1\CSE167\Proj2\Lab1\Cube.vcxproj" (Build target(s)).

Build succeeded.

Time Elapsed 00:00:03.07
